2016/07/26 12:03:27 [warning] [application] Failed to set unsafe attribute "tieropr" of "Task".
in /var/www/html/commonframework/sites/com.connectionseeker/protected/controllers/IosController.php (188)
in /var/www/html/commonframework/sites/com.connectionseeker/protected/controllers/IosController.php (144)
in /var/www/html/commonframework/sites/com.connectionseeker/protected/modules/rights/components/RController.php (47)
2016/07/26 12:03:27 [warning] [application] Failed to set unsafe attribute "tierbuiltopr" of "Task".
in /var/www/html/commonframework/sites/com.connectionseeker/protected/controllers/IosController.php (188)
in /var/www/html/commonframework/sites/com.connectionseeker/protected/controllers/IosController.php (144)
in /var/www/html/commonframework/sites/com.connectionseeker/protected/modules/rights/components/RController.php (47)
2016/07/26 12:03:35 [warning] [application] Failed to set unsafe attribute "tieropr" of "Task".
in /var/www/html/commonframework/sites/com.connectionseeker/protected/controllers/IosController.php (188)
in /var/www/html/commonframework/sites/com.connectionseeker/protected/controllers/IosController.php (144)
in /var/www/html/commonframework/sites/com.connectionseeker/protected/modules/rights/components/RController.php (47)
2016/07/26 12:03:35 [warning] [application] Failed to set unsafe attribute "tierbuiltopr" of "Task".
in /var/www/html/commonframework/sites/com.connectionseeker/protected/controllers/IosController.php (188)
in /var/www/html/commonframework/sites/com.connectionseeker/protected/controllers/IosController.php (144)
in /var/www/html/commonframework/sites/com.connectionseeker/protected/modules/rights/components/RController.php (47)
2016/07/26 12:03:44 [warning] [application] Failed to set unsafe attribute "tieropr" of "Task".
in /var/www/html/commonframework/sites/com.connectionseeker/protected/controllers/IosController.php (188)
in /var/www/html/commonframework/sites/com.connectionseeker/protected/controllers/IosController.php (144)
in /var/www/html/commonframework/sites/com.connectionseeker/protected/modules/rights/components/RController.php (47)
2016/07/26 12:03:44 [warning] [application] Failed to set unsafe attribute "tierbuiltopr" of "Task".
in /var/www/html/commonframework/sites/com.connectionseeker/protected/controllers/IosController.php (188)
in /var/www/html/commonframework/sites/com.connectionseeker/protected/controllers/IosController.php (144)
in /var/www/html/commonframework/sites/com.connectionseeker/protected/modules/rights/components/RController.php (47)
2016/07/26 12:03:59 [warning] [application] Failed to set unsafe attribute "tieropr" of "Task".
in /var/www/html/commonframework/sites/com.connectionseeker/protected/controllers/IosController.php (188)
in /var/www/html/commonframework/sites/com.connectionseeker/protected/controllers/IosController.php (144)
in /var/www/html/commonframework/sites/com.connectionseeker/protected/modules/rights/components/RController.php (47)
2016/07/26 12:03:59 [warning] [application] Failed to set unsafe attribute "tierbuiltopr" of "Task".
in /var/www/html/commonframework/sites/com.connectionseeker/protected/controllers/IosController.php (188)
in /var/www/html/commonframework/sites/com.connectionseeker/protected/controllers/IosController.php (144)
in /var/www/html/commonframework/sites/com.connectionseeker/protected/modules/rights/components/RController.php (47)
2016/07/26 12:04:51 [warning] [application] Failed to set unsafe attribute "tieropr" of "Task".
in /var/www/html/commonframework/sites/com.connectionseeker/protected/controllers/IosController.php (188)
in /var/www/html/commonframework/sites/com.connectionseeker/protected/controllers/IosController.php (144)
in /var/www/html/commonframework/sites/com.connectionseeker/protected/modules/rights/components/RController.php (47)
2016/07/26 12:04:51 [warning] [application] Failed to set unsafe attribute "tierbuiltopr" of "Task".
in /var/www/html/commonframework/sites/com.connectionseeker/protected/controllers/IosController.php (188)
in /var/www/html/commonframework/sites/com.connectionseeker/protected/controllers/IosController.php (144)
in /var/www/html/commonframework/sites/com.connectionseeker/protected/modules/rights/components/RController.php (47)
2016/07/26 12:04:59 [warning] [application] Failed to set unsafe attribute "tieropr" of "Task".
in /var/www/html/commonframework/sites/com.connectionseeker/protected/controllers/IosController.php (188)
in /var/www/html/commonframework/sites/com.connectionseeker/protected/controllers/IosController.php (144)
in /var/www/html/commonframework/sites/com.connectionseeker/protected/modules/rights/components/RController.php (47)
2016/07/26 12:04:59 [warning] [application] Failed to set unsafe attribute "tierbuiltopr" of "Task".
in /var/www/html/commonframework/sites/com.connectionseeker/protected/controllers/IosController.php (188)
in /var/www/html/commonframework/sites/com.connectionseeker/protected/controllers/IosController.php (144)
in /var/www/html/commonframework/sites/com.connectionseeker/protected/modules/rights/components/RController.php (47)
2016/07/26 12:05:01 [warning] [application] Failed to set unsafe attribute "tieropr" of "Task".
in /var/www/html/commonframework/sites/com.connectionseeker/protected/controllers/IosController.php (258)
in /var/www/html/commonframework/sites/com.connectionseeker/protected/modules/rights/components/RController.php (47)
in /var/www/html/commonframework/sites/com.connectionseeker/index.php (13)
2016/07/26 12:05:01 [warning] [application] Failed to set unsafe attribute "tierbuiltopr" of "Task".
in /var/www/html/commonframework/sites/com.connectionseeker/protected/controllers/IosController.php (258)
in /var/www/html/commonframework/sites/com.connectionseeker/protected/modules/rights/components/RController.php (47)
in /var/www/html/commonframework/sites/com.connectionseeker/index.php (13)
2016/07/26 12:06:30 [warning] [application] Failed to set unsafe attribute "tieropr" of "Task".
in /var/www/html/commonframework/sites/com.connectionseeker/protected/controllers/IosController.php (188)
in /var/www/html/commonframework/sites/com.connectionseeker/protected/controllers/IosController.php (144)
in /var/www/html/commonframework/sites/com.connectionseeker/protected/modules/rights/components/RController.php (47)
2016/07/26 12:06:30 [warning] [application] Failed to set unsafe attribute "tierbuiltopr" of "Task".
in /var/www/html/commonframework/sites/com.connectionseeker/protected/controllers/IosController.php (188)
in /var/www/html/commonframework/sites/com.connectionseeker/protected/controllers/IosController.php (144)
in /var/www/html/commonframework/sites/com.connectionseeker/protected/modules/rights/components/RController.php (47)
2016/07/26 12:06:32 [warning] [application] Failed to set unsafe attribute "tieropr" of "Task".
in /var/www/html/commonframework/sites/com.connectionseeker/protected/controllers/IosController.php (258)
in /var/www/html/commonframework/sites/com.connectionseeker/protected/modules/rights/components/RController.php (47)
in /var/www/html/commonframework/sites/com.connectionseeker/index.php (13)
2016/07/26 12:06:32 [warning] [application] Failed to set unsafe attribute "tierbuiltopr" of "Task".
in /var/www/html/commonframework/sites/com.connectionseeker/protected/controllers/IosController.php (258)
in /var/www/html/commonframework/sites/com.connectionseeker/protected/modules/rights/components/RController.php (47)
in /var/www/html/commonframework/sites/com.connectionseeker/index.php (13)
2016/07/26 12:15:44 [warning] [application] Failed to set unsafe attribute "tieropr" of "Task".
in /var/www/html/commonframework/sites/com.connectionseeker/protected/controllers/IosController.php (188)
in /var/www/html/commonframework/sites/com.connectionseeker/protected/controllers/IosController.php (144)
in /var/www/html/commonframework/sites/com.connectionseeker/protected/modules/rights/components/RController.php (47)
2016/07/26 12:15:44 [warning] [application] Failed to set unsafe attribute "tierbuiltopr" of "Task".
in /var/www/html/commonframework/sites/com.connectionseeker/protected/controllers/IosController.php (188)
in /var/www/html/commonframework/sites/com.connectionseeker/protected/controllers/IosController.php (144)
in /var/www/html/commonframework/sites/com.connectionseeker/protected/modules/rights/components/RController.php (47)
2016/07/26 12:15:46 [warning] [application] Failed to set unsafe attribute "tieropr" of "Task".
in /var/www/html/commonframework/sites/com.connectionseeker/protected/controllers/IosController.php (258)
in /var/www/html/commonframework/sites/com.connectionseeker/protected/modules/rights/components/RController.php (47)
in /var/www/html/commonframework/sites/com.connectionseeker/index.php (13)
2016/07/26 12:15:46 [warning] [application] Failed to set unsafe attribute "tierbuiltopr" of "Task".
in /var/www/html/commonframework/sites/com.connectionseeker/protected/controllers/IosController.php (258)
in /var/www/html/commonframework/sites/com.connectionseeker/protected/modules/rights/components/RController.php (47)
in /var/www/html/commonframework/sites/com.connectionseeker/index.php (13)
2016/07/26 12:24:47 [warning] [application] Failed to set unsafe attribute "tieropr" of "Task".
in /var/www/html/commonframework/sites/com.connectionseeker/protected/controllers/ContentStepController.php (192)
in /var/www/html/commonframework/sites/com.connectionseeker/protected/controllers/ContentStepController.php (150)
in /var/www/html/commonframework/sites/com.connectionseeker/protected/modules/rights/components/RController.php (47)
2016/07/26 12:24:47 [warning] [application] Failed to set unsafe attribute "tierbuiltopr" of "Task".
in /var/www/html/commonframework/sites/com.connectionseeker/protected/controllers/ContentStepController.php (192)
in /var/www/html/commonframework/sites/com.connectionseeker/protected/controllers/ContentStepController.php (150)
in /var/www/html/commonframework/sites/com.connectionseeker/protected/modules/rights/components/RController.php (47)
2016/07/26 12:25:44 [warning] [application] Failed to set unsafe attribute "tieropr" of "Task".
in /var/www/html/commonframework/sites/com.connectionseeker/protected/controllers/ContentStepController.php (192)
in /var/www/html/commonframework/sites/com.connectionseeker/protected/controllers/ContentStepController.php (150)
in /var/www/html/commonframework/sites/com.connectionseeker/protected/modules/rights/components/RController.php (47)
2016/07/26 12:25:44 [warning] [application] Failed to set unsafe attribute "tierbuiltopr" of "Task".
in /var/www/html/commonframework/sites/com.connectionseeker/protected/controllers/ContentStepController.php (192)
in /var/www/html/commonframework/sites/com.connectionseeker/protected/controllers/ContentStepController.php (150)
in /var/www/html/commonframework/sites/com.connectionseeker/protected/modules/rights/components/RController.php (47)
2016/07/26 12:30:35 [error] [exception.CHttpException.403] exception 'CHttpException' with message 'You are not authorized to perform this action.' in /var/www/html/commonframework/sites/com.connectionseeker/protected/modules/rights/components/RController.php:73
Stack trace:
#0 /var/www/html/commonframework/sites/com.connectionseeker/protected/modules/rights/components/RightsFilter.php(57): RController->accessDenied()
#1 /var/www/html/commonframework/framework/web/filters/CFilter.php(39): RightsFilter->preFilter(Object(CFilterChain))
#2 /var/www/html/commonframework/sites/com.connectionseeker/protected/modules/rights/components/RController.php(47): CFilter->filter(Object(CFilterChain))
#3 /var/www/html/commonframework/framework/web/filters/CInlineFilter.php(59): RController->filterRights(Object(CFilterChain))
#4 /var/www/html/commonframework/framework/web/filters/CFilterChain.php(131): CInlineFilter->filter(Object(CFilterChain))
#5 /var/www/html/commonframework/framework/web/CController.php(283): CFilterChain->run()
#6 /var/www/html/commonframework/framework/web/CController.php(257): CController->runActionWithFilters(Object(CInlineAction), Array)
#7 /var/www/html/commonframework/framework/web/CWebApplication.php(277): CController->run('icon')
#8 /var/www/html/commonframework/framework/web/CWebApplication.php(136): CWebApplication->runController('taskRating/icon')
#9 /var/www/html/commonframework/framework/base/CApplication.php(158): CWebApplication->processRequest()
#10 /var/www/html/commonframework/sites/com.connectionseeker/index.php(13): CApplication->run()
#11 {main} REQUEST_URI=/index.php?r=taskRating/icon
2016/07/26 12:50:41 [error] [exception.CHttpException.403] exception 'CHttpException' with message 'You are not authorized to perform this action.' in /var/www/html/commonframework/sites/com.connectionseeker/protected/modules/rights/components/RController.php:73
Stack trace:
#0 /var/www/html/commonframework/sites/com.connectionseeker/protected/modules/rights/components/RightsFilter.php(57): RController->accessDenied()
#1 /var/www/html/commonframework/framework/web/filters/CFilter.php(39): RightsFilter->preFilter(Object(CFilterChain))
#2 /var/www/html/commonframework/sites/com.connectionseeker/protected/modules/rights/components/RController.php(47): CFilter->filter(Object(CFilterChain))
#3 /var/www/html/commonframework/framework/web/filters/CInlineFilter.php(59): RController->filterRights(Object(CFilterChain))
#4 /var/www/html/commonframework/framework/web/filters/CFilterChain.php(131): CInlineFilter->filter(Object(CFilterChain))
#5 /var/www/html/commonframework/framework/web/CController.php(283): CFilterChain->run()
#6 /var/www/html/commonframework/framework/web/CController.php(257): CController->runActionWithFilters(Object(CInlineAction), Array)
#7 /var/www/html/commonframework/framework/web/CWebApplication.php(277): CController->run('icon')
#8 /var/www/html/commonframework/framework/web/CWebApplication.php(136): CWebApplication->runController('taskRating/icon')
#9 /var/www/html/commonframework/framework/base/CApplication.php(158): CWebApplication->processRequest()
#10 /var/www/html/commonframework/sites/com.connectionseeker/index.php(13): CApplication->run()
#11 {main} REQUEST_URI=/index.php?r=taskRating/icon
2016/07/26 13:11:43 [error] [exception.CHttpException.403] exception 'CHttpException' with message 'You are not authorized to perform this action.' in /var/www/html/commonframework/sites/com.connectionseeker/protected/modules/rights/components/RController.php:73
Stack trace:
#0 /var/www/html/commonframework/sites/com.connectionseeker/protected/modules/rights/components/RightsFilter.php(57): RController->accessDenied()
#1 /var/www/html/commonframework/framework/web/filters/CFilter.php(39): RightsFilter->preFilter(Object(CFilterChain))
#2 /var/www/html/commonframework/sites/com.connectionseeker/protected/modules/rights/components/RController.php(47): CFilter->filter(Object(CFilterChain))
#3 /var/www/html/commonframework/framework/web/filters/CInlineFilter.php(59): RController->filterRights(Object(CFilterChain))
#4 /var/www/html/commonframework/framework/web/filters/CFilterChain.php(131): CInlineFilter->filter(Object(CFilterChain))
#5 /var/www/html/commonframework/framework/web/CController.php(283): CFilterChain->run()
#6 /var/www/html/commonframework/framework/web/CController.php(257): CController->runActionWithFilters(Object(CInlineAction), Array)
#7 /var/www/html/commonframework/framework/web/CWebApplication.php(277): CController->run('icon')
#8 /var/www/html/commonframework/framework/web/CWebApplication.php(136): CWebApplication->runController('taskRating/icon')
#9 /var/www/html/commonframework/framework/base/CApplication.php(158): CWebApplication->processRequest()
#10 /var/www/html/commonframework/sites/com.connectionseeker/index.php(13): CApplication->run()
#11 {main} REQUEST_URI=/index.php?r=taskRating/icon
2016/07/26 13:14:36 [error] [exception.CHttpException.403] exception 'CHttpException' with message 'You are not authorized to perform this action.' in /var/www/html/commonframework/sites/com.connectionseeker/protected/modules/rights/components/RController.php:73
Stack trace:
#0 /var/www/html/commonframework/sites/com.connectionseeker/protected/modules/rights/components/RightsFilter.php(57): RController->accessDenied()
#1 /var/www/html/commonframework/framework/web/filters/CFilter.php(39): RightsFilter->preFilter(Object(CFilterChain))
#2 /var/www/html/commonframework/sites/com.connectionseeker/protected/modules/rights/components/RController.php(47): CFilter->filter(Object(CFilterChain))
#3 /var/www/html/commonframework/framework/web/filters/CInlineFilter.php(59): RController->filterRights(Object(CFilterChain))
#4 /var/www/html/commonframework/framework/web/filters/CFilterChain.php(131): CInlineFilter->filter(Object(CFilterChain))
#5 /var/www/html/commonframework/framework/web/CController.php(283): CFilterChain->run()
#6 /var/www/html/commonframework/framework/web/CController.php(257): CController->runActionWithFilters(Object(CInlineAction), Array)
#7 /var/www/html/commonframework/framework/web/CWebApplication.php(277): CController->run('icon')
#8 /var/www/html/commonframework/framework/web/CWebApplication.php(136): CWebApplication->runController('taskRating/icon')
#9 /var/www/html/commonframework/framework/base/CApplication.php(158): CWebApplication->processRequest()
#10 /var/www/html/commonframework/sites/com.connectionseeker/index.php(13): CApplication->run()
#11 {main} REQUEST_URI=/index.php?r=taskRating/icon
2016/07/26 13:15:35 [error] [exception.CHttpException.403] exception 'CHttpException' with message 'You are not authorized to perform this action.' in /var/www/html/commonframework/sites/com.connectionseeker/protected/modules/rights/components/RController.php:73
Stack trace:
#0 /var/www/html/commonframework/sites/com.connectionseeker/protected/modules/rights/components/RightsFilter.php(57): RController->accessDenied()
#1 /var/www/html/commonframework/framework/web/filters/CFilter.php(39): RightsFilter->preFilter(Object(CFilterChain))
#2 /var/www/html/commonframework/sites/com.connectionseeker/protected/modules/rights/components/RController.php(47): CFilter->filter(Object(CFilterChain))
#3 /var/www/html/commonframework/framework/web/filters/CInlineFilter.php(59): RController->filterRights(Object(CFilterChain))
#4 /var/www/html/commonframework/framework/web/filters/CFilterChain.php(131): CInlineFilter->filter(Object(CFilterChain))
#5 /var/www/html/commonframework/framework/web/CController.php(283): CFilterChain->run()
#6 /var/www/html/commonframework/framework/web/CController.php(257): CController->runActionWithFilters(Object(CInlineAction), Array)
#7 /var/www/html/commonframework/framework/web/CWebApplication.php(277): CController->run('icon')
#8 /var/www/html/commonframework/framework/web/CWebApplication.php(136): CWebApplication->runController('taskRating/icon')
#9 /var/www/html/commonframework/framework/base/CApplication.php(158): CWebApplication->processRequest()
#10 /var/www/html/commonframework/sites/com.connectionseeker/index.php(13): CApplication->run()
#11 {main} REQUEST_URI=/index.php?r=taskRating/icon
2016/07/26 13:18:01 [error] [exception.CHttpException.403] exception 'CHttpException' with message 'You are not authorized to perform this action.' in /var/www/html/commonframework/sites/com.connectionseeker/protected/modules/rights/components/RController.php:73
Stack trace:
#0 /var/www/html/commonframework/sites/com.connectionseeker/protected/modules/rights/components/RightsFilter.php(57): RController->accessDenied()
#1 /var/www/html/commonframework/framework/web/filters/CFilter.php(39): RightsFilter->preFilter(Object(CFilterChain))
#2 /var/www/html/commonframework/sites/com.connectionseeker/protected/modules/rights/components/RController.php(47): CFilter->filter(Object(CFilterChain))
#3 /var/www/html/commonframework/framework/web/filters/CInlineFilter.php(59): RController->filterRights(Object(CFilterChain))
#4 /var/www/html/commonframework/framework/web/filters/CFilterChain.php(131): CInlineFilter->filter(Object(CFilterChain))
#5 /var/www/html/commonframework/framework/web/CController.php(283): CFilterChain->run()
#6 /var/www/html/commonframework/framework/web/CController.php(257): CController->runActionWithFilters(Object(CInlineAction), Array)
#7 /var/www/html/commonframework/framework/web/CWebApplication.php(277): CController->run('icon')
#8 /var/www/html/commonframework/framework/web/CWebApplication.php(136): CWebApplication->runController('taskRating/icon')
#9 /var/www/html/commonframework/framework/base/CApplication.php(158): CWebApplication->processRequest()
#10 /var/www/html/commonframework/sites/com.connectionseeker/index.php(13): CApplication->run()
#11 {main} REQUEST_URI=/index.php?r=taskRating/icon
2016/07/26 13:18:38 [error] [exception.CHttpException.403] exception 'CHttpException' with message 'You are not authorized to perform this action.' in /var/www/html/commonframework/sites/com.connectionseeker/protected/modules/rights/components/RController.php:73
Stack trace:
#0 /var/www/html/commonframework/sites/com.connectionseeker/protected/modules/rights/components/RightsFilter.php(57): RController->accessDenied()
#1 /var/www/html/commonframework/framework/web/filters/CFilter.php(39): RightsFilter->preFilter(Object(CFilterChain))
#2 /var/www/html/commonframework/sites/com.connectionseeker/protected/modules/rights/components/RController.php(47): CFilter->filter(Object(CFilterChain))
#3 /var/www/html/commonframework/framework/web/filters/CInlineFilter.php(59): RController->filterRights(Object(CFilterChain))
#4 /var/www/html/commonframework/framework/web/filters/CFilterChain.php(131): CInlineFilter->filter(Object(CFilterChain))
#5 /var/www/html/commonframework/framework/web/CController.php(283): CFilterChain->run()
#6 /var/www/html/commonframework/framework/web/CController.php(257): CController->runActionWithFilters(Object(CInlineAction), Array)
#7 /var/www/html/commonframework/framework/web/CWebApplication.php(277): CController->run('icon')
#8 /var/www/html/commonframework/framework/web/CWebApplication.php(136): CWebApplication->runController('taskRating/icon')
#9 /var/www/html/commonframework/framework/base/CApplication.php(158): CWebApplication->processRequest()
#10 /var/www/html/commonframework/sites/com.connectionseeker/index.php(13): CApplication->run()
#11 {main} REQUEST_URI=/index.php?r=taskRating/icon
2016/07/26 13:18:46 [error] [exception.CHttpException.403] exception 'CHttpException' with message 'You are not authorized to perform this action.' in /var/www/html/commonframework/sites/com.connectionseeker/protected/modules/rights/components/RController.php:73
Stack trace:
#0 /var/www/html/commonframework/sites/com.connectionseeker/protected/modules/rights/components/RightsFilter.php(57): RController->accessDenied()
#1 /var/www/html/commonframework/framework/web/filters/CFilter.php(39): RightsFilter->preFilter(Object(CFilterChain))
#2 /var/www/html/commonframework/sites/com.connectionseeker/protected/modules/rights/components/RController.php(47): CFilter->filter(Object(CFilterChain))
#3 /var/www/html/commonframework/framework/web/filters/CInlineFilter.php(59): RController->filterRights(Object(CFilterChain))
#4 /var/www/html/commonframework/framework/web/filters/CFilterChain.php(131): CInlineFilter->filter(Object(CFilterChain))
#5 /var/www/html/commonframework/framework/web/CController.php(283): CFilterChain->run()
#6 /var/www/html/commonframework/framework/web/CController.php(257): CController->runActionWithFilters(Object(CInlineAction), Array)
#7 /var/www/html/commonframework/framework/web/CWebApplication.php(277): CController->run('icon')
#8 /var/www/html/commonframework/framework/web/CWebApplication.php(136): CWebApplication->runController('taskRating/icon')
#9 /var/www/html/commonframework/framework/base/CApplication.php(158): CWebApplication->processRequest()
#10 /var/www/html/commonframework/sites/com.connectionseeker/index.php(13): CApplication->run()
#11 {main} REQUEST_URI=/index.php?r=taskRating/icon
2016/07/26 13:38:15 [warning] [application] Failed to set unsafe attribute "tieropr" of "Task".
in /var/www/html/commonframework/sites/com.connectionseeker/protected/controllers/ContentStepController.php (192)
in /var/www/html/commonframework/sites/com.connectionseeker/protected/controllers/ContentStepController.php (110)
in /var/www/html/commonframework/sites/com.connectionseeker/protected/modules/rights/components/RController.php (47)
2016/07/26 13:38:15 [warning] [application] Failed to set unsafe attribute "tierbuiltopr" of "Task".
in /var/www/html/commonframework/sites/com.connectionseeker/protected/controllers/ContentStepController.php (192)
in /var/www/html/commonframework/sites/com.connectionseeker/protected/controllers/ContentStepController.php (110)
in /var/www/html/commonframework/sites/com.connectionseeker/protected/modules/rights/components/RController.php (47)
2016/07/26 13:38:22 [warning] [application] Failed to set unsafe attribute "tieropr" of "Task".
in /var/www/html/commonframework/sites/com.connectionseeker/protected/controllers/ContentStepController.php (606)
in /var/www/html/commonframework/sites/com.connectionseeker/protected/modules/rights/components/RController.php (47)
in /var/www/html/commonframework/sites/com.connectionseeker/index.php (13)
2016/07/26 13:38:22 [warning] [application] Failed to set unsafe attribute "tierbuiltopr" of "Task".
in /var/www/html/commonframework/sites/com.connectionseeker/protected/controllers/ContentStepController.php (606)
in /var/www/html/commonframework/sites/com.connectionseeker/protected/modules/rights/components/RController.php (47)
in /var/www/html/commonframework/sites/com.connectionseeker/index.php (13)
2016/07/26 13:41:53 [warning] [application] Failed to set unsafe attribute "tieropr" of "Task".
in /var/www/html/commonframework/sites/com.connectionseeker/protected/controllers/ContentStepController.php (192)
in /var/www/html/commonframework/sites/com.connectionseeker/protected/controllers/ContentStepController.php (150)
in /var/www/html/commonframework/sites/com.connectionseeker/protected/modules/rights/components/RController.php (47)
2016/07/26 13:41:53 [warning] [application] Failed to set unsafe attribute "tierbuiltopr" of "Task".
in /var/www/html/commonframework/sites/com.connectionseeker/protected/controllers/ContentStepController.php (192)
in /var/www/html/commonframework/sites/com.connectionseeker/protected/controllers/ContentStepController.php (150)
in /var/www/html/commonframework/sites/com.connectionseeker/protected/modules/rights/components/RController.php (47)
2016/07/26 13:42:10 [warning] [application] Failed to set unsafe attribute "tieropr" of "Task".
in /var/www/html/commonframework/sites/com.connectionseeker/protected/controllers/ContentStepController.php (192)
in /var/www/html/commonframework/sites/com.connectionseeker/protected/controllers/ContentStepController.php (150)
in /var/www/html/commonframework/sites/com.connectionseeker/protected/modules/rights/components/RController.php (47)
2016/07/26 13:42:10 [warning] [application] Failed to set unsafe attribute "tierbuiltopr" of "Task".
in /var/www/html/commonframework/sites/com.connectionseeker/protected/controllers/ContentStepController.php (192)
in /var/www/html/commonframework/sites/com.connectionseeker/protected/controllers/ContentStepController.php (150)
in /var/www/html/commonframework/sites/com.connectionseeker/protected/modules/rights/components/RController.php (47)
2016/07/26 13:42:58 [warning] [application] Failed to set unsafe attribute "tieropr" of "Task".
in /var/www/html/commonframework/sites/com.connectionseeker/protected/controllers/ContentStepController.php (192)
in /var/www/html/commonframework/sites/com.connectionseeker/protected/controllers/ContentStepController.php (150)
in /var/www/html/commonframework/sites/com.connectionseeker/protected/modules/rights/components/RController.php (47)
2016/07/26 13:42:58 [warning] [application] Failed to set unsafe attribute "tierbuiltopr" of "Task".
in /var/www/html/commonframework/sites/com.connectionseeker/protected/controllers/ContentStepController.php (192)
in /var/www/html/commonframework/sites/com.connectionseeker/protected/controllers/ContentStepController.php (150)
in /var/www/html/commonframework/sites/com.connectionseeker/protected/modules/rights/components/RController.php (47)
2016/07/26 14:32:02 [warning] [application] Failed to set unsafe attribute "tieropr" of "Task".
in /var/www/html/commonframework/sites/com.connectionseeker/protected/controllers/IosController.php (188)
in /var/www/html/commonframework/sites/com.connectionseeker/protected/controllers/IosController.php (144)
in /var/www/html/commonframework/sites/com.connectionseeker/protected/modules/rights/components/RController.php (47)
2016/07/26 14:32:02 [warning] [application] Failed to set unsafe attribute "tierbuiltopr" of "Task".
in /var/www/html/commonframework/sites/com.connectionseeker/protected/controllers/IosController.php (188)
in /var/www/html/commonframework/sites/com.connectionseeker/protected/controllers/IosController.php (144)
in /var/www/html/commonframework/sites/com.connectionseeker/protected/modules/rights/components/RController.php (47)
2016/07/26 14:34:52 [warning] [application] Failed to set unsafe attribute "tieropr" of "Task".
in /var/www/html/commonframework/sites/com.connectionseeker/protected/controllers/IosController.php (258)
in /var/www/html/commonframework/sites/com.connectionseeker/protected/modules/rights/components/RController.php (47)
in /var/www/html/commonframework/sites/com.connectionseeker/index.php (13)
2016/07/26 14:34:52 [warning] [application] Failed to set unsafe attribute "tierbuiltopr" of "Task".
in /var/www/html/commonframework/sites/com.connectionseeker/protected/controllers/IosController.php (258)
in /var/www/html/commonframework/sites/com.connectionseeker/protected/modules/rights/components/RController.php (47)
in /var/www/html/commonframework/sites/com.connectionseeker/index.php (13)
2016/07/26 15:39:25 [warning] [application] Failed to set unsafe attribute "tieropr" of "Task".
in /var/www/html/commonframework/sites/com.connectionseeker/protected/controllers/ContentStepController.php (192)
in /var/www/html/commonframework/sites/com.connectionseeker/protected/controllers/ContentStepController.php (120)
in /var/www/html/commonframework/sites/com.connectionseeker/protected/modules/rights/components/RController.php (47)
2016/07/26 15:39:25 [warning] [application] Failed to set unsafe attribute "tierbuiltopr" of "Task".
in /var/www/html/commonframework/sites/com.connectionseeker/protected/controllers/ContentStepController.php (192)
in /var/www/html/commonframework/sites/com.connectionseeker/protected/controllers/ContentStepController.php (120)
in /var/www/html/commonframework/sites/com.connectionseeker/protected/modules/rights/components/RController.php (47)
2016/07/26 15:42:43 [warning] [application] Failed to set unsafe attribute "tieropr" of "Task".
in /var/www/html/commonframework/sites/com.connectionseeker/protected/controllers/IosController.php (188)
in /var/www/html/commonframework/sites/com.connectionseeker/protected/controllers/IosController.php (90)
in /var/www/html/commonframework/sites/com.connectionseeker/protected/modules/rights/components/RController.php (47)
2016/07/26 15:42:43 [warning] [application] Failed to set unsafe attribute "tierbuiltopr" of "Task".
in /var/www/html/commonframework/sites/com.connectionseeker/protected/controllers/IosController.php (188)
in /var/www/html/commonframework/sites/com.connectionseeker/protected/controllers/IosController.php (90)
in /var/www/html/commonframework/sites/com.connectionseeker/protected/modules/rights/components/RController.php (47)
2016/07/26 15:47:55 [warning] [application] Failed to set unsafe attribute "upfile" of "Campaign".
in /var/www/html/commonframework/sites/com.connectionseeker/protected/controllers/CampaignController.php (270)
in /var/www/html/commonframework/sites/com.connectionseeker/protected/controllers/CampaignController.php (73)
in /var/www/html/commonframework/sites/com.connectionseeker/protected/modules/rights/components/RController.php (47)
2016/07/26 15:59:30 [error] [exception.CHttpException.403] exception 'CHttpException' with message 'You are not authorized to perform this action.' in /var/www/html/commonframework/sites/com.connectionseeker/protected/modules/rights/components/RController.php:73
Stack trace:
#0 /var/www/html/commonframework/sites/com.connectionseeker/protected/modules/rights/components/RightsFilter.php(57): RController->accessDenied()
#1 /var/www/html/commonframework/framework/web/filters/CFilter.php(39): RightsFilter->preFilter(Object(CFilterChain))
#2 /var/www/html/commonframework/sites/com.connectionseeker/protected/modules/rights/components/RController.php(47): CFilter->filter(Object(CFilterChain))
#3 /var/www/html/commonframework/framework/web/filters/CInlineFilter.php(59): RController->filterRights(Object(CFilterChain))
#4 /var/www/html/commonframework/framework/web/filters/CFilterChain.php(131): CInlineFilter->filter(Object(CFilterChain))
#5 /var/www/html/commonframework/framework/web/CController.php(283): CFilterChain->run()
#6 /var/www/html/commonframework/framework/web/CController.php(257): CController->runActionWithFilters(Object(CInlineAction), Array)
#7 /var/www/html/commonframework/framework/web/CWebApplication.php(277): CController->run('icon')
#8 /var/www/html/commonframework/framework/web/CWebApplication.php(136): CWebApplication->runController('taskRating/icon')
#9 /var/www/html/commonframework/framework/base/CApplication.php(158): CWebApplication->processRequest()
#10 /var/www/html/commonframework/sites/com.connectionseeker/index.php(13): CApplication->run()
#11 {main} REQUEST_URI=/index.php?r=taskRating/icon
2016/07/26 15:59:33 [error] [exception.CHttpException.403] exception 'CHttpException' with message 'You are not authorized to perform this action.' in /var/www/html/commonframework/sites/com.connectionseeker/protected/modules/rights/components/RController.php:73
Stack trace:
#0 /var/www/html/commonframework/sites/com.connectionseeker/protected/modules/rights/components/RightsFilter.php(57): RController->accessDenied()
#1 /var/www/html/commonframework/framework/web/filters/CFilter.php(39): RightsFilter->preFilter(Object(CFilterChain))
#2 /var/www/html/commonframework/sites/com.connectionseeker/protected/modules/rights/components/RController.php(47): CFilter->filter(Object(CFilterChain))
#3 /var/www/html/commonframework/framework/web/filters/CInlineFilter.php(59): RController->filterRights(Object(CFilterChain))
#4 /var/www/html/commonframework/framework/web/filters/CFilterChain.php(131): CInlineFilter->filter(Object(CFilterChain))
#5 /var/www/html/commonframework/framework/web/CController.php(283): CFilterChain->run()
#6 /var/www/html/commonframework/framework/web/CController.php(257): CController->runActionWithFilters(Object(CInlineAction), Array)
#7 /var/www/html/commonframework/framework/web/CWebApplication.php(277): CController->run('icon')
#8 /var/www/html/commonframework/framework/web/CWebApplication.php(136): CWebApplication->runController('taskRating/icon')
#9 /var/www/html/commonframework/framework/base/CApplication.php(158): CWebApplication->processRequest()
#10 /var/www/html/commonframework/sites/com.connectionseeker/index.php(13): CApplication->run()
#11 {main} REQUEST_URI=/index.php?r=taskRating/icon
2016/07/26 15:59:37 [error] [exception.CHttpException.403] exception 'CHttpException' with message 'You are not authorized to perform this action.' in /var/www/html/commonframework/sites/com.connectionseeker/protected/modules/rights/components/RController.php:73
Stack trace:
#0 /var/www/html/commonframework/sites/com.connectionseeker/protected/modules/rights/components/RightsFilter.php(57): RController->accessDenied()
#1 /var/www/html/commonframework/framework/web/filters/CFilter.php(39): RightsFilter->preFilter(Object(CFilterChain))
#2 /var/www/html/commonframework/sites/com.connectionseeker/protected/modules/rights/components/RController.php(47): CFilter->filter(Object(CFilterChain))
#3 /var/www/html/commonframework/framework/web/filters/CInlineFilter.php(59): RController->filterRights(Object(CFilterChain))
#4 /var/www/html/commonframework/framework/web/filters/CFilterChain.php(131): CInlineFilter->filter(Object(CFilterChain))
#5 /var/www/html/commonframework/framework/web/CController.php(283): CFilterChain->run()
#6 /var/www/html/commonframework/framework/web/CController.php(257): CController->runActionWithFilters(Object(CInlineAction), Array)
#7 /var/www/html/commonframework/framework/web/CWebApplication.php(277): CController->run('icon')
#8 /var/www/html/commonframework/framework/web/CWebApplication.php(136): CWebApplication->runController('taskRating/icon')
#9 /var/www/html/commonframework/framework/base/CApplication.php(158): CWebApplication->processRequest()
#10 /var/www/html/commonframework/sites/com.connectionseeker/index.php(13): CApplication->run()
#11 {main} REQUEST_URI=/index.php?r=taskRating/icon
2016/07/26 15:59:45 [error] [exception.CHttpException.403] exception 'CHttpException' with message 'You are not authorized to perform this action.' in /var/www/html/commonframework/sites/com.connectionseeker/protected/modules/rights/components/RController.php:73
Stack trace:
#0 /var/www/html/commonframework/sites/com.connectionseeker/protected/modules/rights/components/RightsFilter.php(57): RController->accessDenied()
#1 /var/www/html/commonframework/framework/web/filters/CFilter.php(39): RightsFilter->preFilter(Object(CFilterChain))
#2 /var/www/html/commonframework/sites/com.connectionseeker/protected/modules/rights/components/RController.php(47): CFilter->filter(Object(CFilterChain))
#3 /var/www/html/commonframework/framework/web/filters/CInlineFilter.php(59): RController->filterRights(Object(CFilterChain))
#4 /var/www/html/commonframework/framework/web/filters/CFilterChain.php(131): CInlineFilter->filter(Object(CFilterChain))
#5 /var/www/html/commonframework/framework/web/CController.php(283): CFilterChain->run()
#6 /var/www/html/commonframework/framework/web/CController.php(257): CController->runActionWithFilters(Object(CInlineAction), Array)
#7 /var/www/html/commonframework/framework/web/CWebApplication.php(277): CController->run('icon')
#8 /var/www/html/commonframework/framework/web/CWebApplication.php(136): CWebApplication->runController('taskRating/icon')
#9 /var/www/html/commonframework/framework/base/CApplication.php(158): CWebApplication->processRequest()
#10 /var/www/html/commonframework/sites/com.connectionseeker/index.php(13): CApplication->run()
#11 {main} REQUEST_URI=/index.php?r=taskRating/icon
2016/07/26 15:59:47 [error] [exception.CHttpException.403] exception 'CHttpException' with message 'You are not authorized to perform this action.' in /var/www/html/commonframework/sites/com.connectionseeker/protected/modules/rights/components/RController.php:73
Stack trace:
#0 /var/www/html/commonframework/sites/com.connectionseeker/protected/modules/rights/components/RightsFilter.php(57): RController->accessDenied()
#1 /var/www/html/commonframework/framework/web/filters/CFilter.php(39): RightsFilter->preFilter(Object(CFilterChain))
#2 /var/www/html/commonframework/sites/com.connectionseeker/protected/modules/rights/components/RController.php(47): CFilter->filter(Object(CFilterChain))
#3 /var/www/html/commonframework/framework/web/filters/CInlineFilter.php(59): RController->filterRights(Object(CFilterChain))
#4 /var/www/html/commonframework/framework/web/filters/CFilterChain.php(131): CInlineFilter->filter(Object(CFilterChain))
#5 /var/www/html/commonframework/framework/web/CController.php(283): CFilterChain->run()
#6 /var/www/html/commonframework/framework/web/CController.php(257): CController->runActionWithFilters(Object(CInlineAction), Array)
#7 /var/www/html/commonframework/framework/web/CWebApplication.php(277): CController->run('icon')
#8 /var/www/html/commonframework/framework/web/CWebApplication.php(136): CWebApplication->runController('taskRating/icon')
#9 /var/www/html/commonframework/framework/base/CApplication.php(158): CWebApplication->processRequest()
#10 /var/www/html/commonframework/sites/com.connectionseeker/index.php(13): CApplication->run()
#11 {main} REQUEST_URI=/index.php?r=taskRating/icon
2016/07/26 17:16:43 [error] [exception.CHttpException.403] exception 'CHttpException' with message 'You are not authorized to perform this action.' in /var/www/html/commonframework/sites/com.connectionseeker/protected/modules/rights/components/RController.php:73
Stack trace:
#0 /var/www/html/commonframework/sites/com.connectionseeker/protected/modules/rights/components/RightsFilter.php(57): RController->accessDenied()
#1 /var/www/html/commonframework/framework/web/filters/CFilter.php(39): RightsFilter->preFilter(Object(CFilterChain))
#2 /var/www/html/commonframework/sites/com.connectionseeker/protected/modules/rights/components/RController.php(47): CFilter->filter(Object(CFilterChain))
#3 /var/www/html/commonframework/framework/web/filters/CInlineFilter.php(59): RController->filterRights(Object(CFilterChain))
#4 /var/www/html/commonframework/framework/web/filters/CFilterChain.php(131): CInlineFilter->filter(Object(CFilterChain))
#5 /var/www/html/commonframework/framework/web/CController.php(283): CFilterChain->run()
#6 /var/www/html/commonframework/framework/web/CController.php(257): CController->runActionWithFilters(Object(CInlineAction), Array)
#7 /var/www/html/commonframework/framework/web/CWebApplication.php(277): CController->run('icon')
#8 /var/www/html/commonframework/framework/web/CWebApplication.php(136): CWebApplication->runController('taskRating/icon')
#9 /var/www/html/commonframework/framework/base/CApplication.php(158): CWebApplication->processRequest()
#10 /var/www/html/commonframework/sites/com.connectionseeker/index.php(13): CApplication->run()
#11 {main} REQUEST_URI=/index.php?r=taskRating/icon
2016/07/26 17:17:33 [error] [exception.CHttpException.403] exception 'CHttpException' with message 'You are not authorized to perform this action.' in /var/www/html/commonframework/sites/com.connectionseeker/protected/modules/rights/components/RController.php:73
Stack trace:
#0 /var/www/html/commonframework/sites/com.connectionseeker/protected/modules/rights/components/RightsFilter.php(57): RController->accessDenied()
#1 /var/www/html/commonframework/framework/web/filters/CFilter.php(39): RightsFilter->preFilter(Object(CFilterChain))
#2 /var/www/html/commonframework/sites/com.connectionseeker/protected/modules/rights/components/RController.php(47): CFilter->filter(Object(CFilterChain))
#3 /var/www/html/commonframework/framework/web/filters/CInlineFilter.php(59): RController->filterRights(Object(CFilterChain))
#4 /var/www/html/commonframework/framework/web/filters/CFilterChain.php(131): CInlineFilter->filter(Object(CFilterChain))
#5 /var/www/html/commonframework/framework/web/CController.php(283): CFilterChain->run()
#6 /var/www/html/commonframework/framework/web/CController.php(257): CController->runActionWithFilters(Object(CInlineAction), Array)
#7 /var/www/html/commonframework/framework/web/CWebApplication.php(277): CController->run('icon')
#8 /var/www/html/commonframework/framework/web/CWebApplication.php(136): CWebApplication->runController('taskRating/icon')
#9 /var/www/html/commonframework/framework/base/CApplication.php(158): CWebApplication->processRequest()
#10 /var/www/html/commonframework/sites/com.connectionseeker/index.php(13): CApplication->run()
#11 {main} REQUEST_URI=/index.php?r=taskRating/icon
2016/07/26 18:09:29 [error] [exception.CHttpException.403] exception 'CHttpException' with message 'You are not authorized to perform this action.' in /var/www/html/commonframework/sites/com.connectionseeker/protected/modules/rights/components/RController.php:73
Stack trace:
#0 /var/www/html/commonframework/sites/com.connectionseeker/protected/modules/rights/components/RightsFilter.php(57): RController->accessDenied()
#1 /var/www/html/commonframework/framework/web/filters/CFilter.php(39): RightsFilter->preFilter(Object(CFilterChain))
#2 /var/www/html/commonframework/sites/com.connectionseeker/protected/modules/rights/components/RController.php(47): CFilter->filter(Object(CFilterChain))
#3 /var/www/html/commonframework/framework/web/filters/CInlineFilter.php(59): RController->filterRights(Object(CFilterChain))
#4 /var/www/html/commonframework/framework/web/filters/CFilterChain.php(131): CInlineFilter->filter(Object(CFilterChain))
#5 /var/www/html/commonframework/framework/web/CController.php(283): CFilterChain->run()
#6 /var/www/html/commonframework/framework/web/CController.php(257): CController->runActionWithFilters(Object(CInlineAction), Array)
#7 /var/www/html/commonframework/framework/web/CWebApplication.php(277): CController->run('icon')
#8 /var/www/html/commonframework/framework/web/CWebApplication.php(136): CWebApplication->runController('taskRating/icon')
#9 /var/www/html/commonframework/framework/base/CApplication.php(158): CWebApplication->processRequest()
#10 /var/www/html/commonframework/sites/com.connectionseeker/index.php(13): CApplication->run()
#11 {main} REQUEST_URI=/index.php?r=taskRating/icon
